c:\github\labproject\labproject\labprojects\labproject(virtuacop)\labproject\x64\debug\labproject.pch
c:\github\labproject\labproject\labprojects\labproject(virtuacop)\labproject\x64\debug\vc143.pdb
c:\github\labproject\labproject\labprojects\labproject(virtuacop)\labproject\x64\debug\stdafx.obj
c:\github\labproject\labproject\labprojects\labproject(virtuacop)\labproject\x64\debug\timer.obj
c:\github\labproject\labproject\labprojects\labproject(virtuacop)\labproject\x64\debug\scenenode.obj
c:\github\labproject\labproject\labprojects\labproject(virtuacop)\labproject\x64\debug\scene.obj
c:\github\labproject\labproject\labprojects\labproject(virtuacop)\labproject\x64\debug\player.obj
c:\github\labproject\labproject\labprojects\labproject(virtuacop)\labproject\x64\debug\mesh.obj
c:\github\labproject\labproject\labprojects\labproject(virtuacop)\labproject\x64\debug\labproject.obj
c:\github\labproject\labproject\labprojects\labproject(virtuacop)\labproject\x64\debug\gameobject.obj
c:\github\labproject\labproject\labprojects\labproject(virtuacop)\labproject\x64\debug\gameframework.obj
c:\github\labproject\labproject\labprojects\labproject(virtuacop)\labproject\x64\debug\camera.obj
f:\d3d12\labproject(virtuacop)\x64\debug\labproject.exe
f:\d3d12\labproject(virtuacop)\x64\debug\labproject.pdb
c:\github\labproject\labprojects\labproject(virtuacop)\x64\debug\labproject.exe
c:\github\labproject\labprojects\labproject(virtuacop)\x64\debug\labproject.pdb
c:\github\labproject\labproject\labprojects\labproject(virtuacop)\x64\debug\labproject.exe
c:\github\labproject\labproject\labprojects\labproject(virtuacop)\x64\debug\labproject.pdb
f:\d3d12\labproject(virtuacop)\labproject\x64\debug\labproject.res
c:\github\labproject\labprojects\labproject(virtuacop)\labproject\x64\debug\labproject.res
c:\github\labproject\labproject\labprojects\labproject(virtuacop)\labproject\x64\debug\labproject.res
c:\github\labproject\labproject\labprojects\labproject(virtuacop)\labproject\x64\debug\vc145.pdb
c:\github\labproject\labproject\labprojects\labproject(virtuacop)\labproject\x64\debug\labproject.tlog\cl.command.1.tlog
c:\github\labproject\labproject\labprojects\labproject(virtuacop)\labproject\x64\debug\labproject.tlog\cl.items.tlog
c:\github\labproject\labproject\labprojects\labproject(virtuacop)\labproject\x64\debug\labproject.tlog\cl.read.1.tlog
c:\github\labproject\labproject\labprojects\labproject(virtuacop)\labproject\x64\debug\labproject.tlog\cl.write.1.tlog
c:\github\labproject\labproject\labprojects\labproject(virtuacop)\labproject\x64\debug\labproject.tlog\link.command.1.tlog
c:\github\labproject\labproject\labprojects\labproject(virtuacop)\labproject\x64\debug\labproject.tlog\link.read.1.tlog
c:\github\labproject\labproject\labprojects\labproject(virtuacop)\labproject\x64\debug\labproject.tlog\link.secondary.1.tlog
c:\github\labproject\labproject\labprojects\labproject(virtuacop)\labproject\x64\debug\labproject.tlog\link.write.1.tlog
c:\github\labproject\labproject\labprojects\labproject(virtuacop)\labproject\x64\debug\labproject.tlog\rc.command.1.tlog
c:\github\labproject\labproject\labprojects\labproject(virtuacop)\labproject\x64\debug\labproject.tlog\rc.read.1.tlog
c:\github\labproject\labproject\labprojects\labproject(virtuacop)\labproject\x64\debug\labproject.tlog\rc.write.1.tlog
